# JRE version: OpenJDK Runtime Environment (8.0_181-b13) (build 1.8.0_181-b13)
# Java VM: OpenJDK 64-Bit Server VM (25.181-b13 mixed mode linux-amd64 compressed oops)
Heap:
 PSYoungGen      total 18432K, used 10730K [0x00000000eb900000, 0x00000000edb00000, 0x0000000100000000)
  eden space 15872K, 67% used [0x00000000eb900000,0x00000000ec37a938,0x00000000ec880000)
  from space 2560K, 0% used [0x00000000ec880000,0x00000000ec880000,0x00000000ecb00000)
  to   space 8704K, 0% used [0x00000000ed280000,0x00000000ed280000,0x00000000edb00000)
 ParOldGen       total 29696K, used 7905K [0x00000000c2a00000, 0x00000000c4700000, 0x00000000eb900000)
  object space 29696K, 26% used [0x00000000c2a00000,0x00000000c31b8608,0x00000000c4700000)
 Metaspace       used 21221K, capacity 22646K, committed 22912K, reserved 1069056K
  class space    used 2771K, capacity 3088K, committed 3200K, reserved 1048576K
GC Heap History (10 events):
Event: 2,940 GC heap before
{Heap before GC invocations=2 (full 0):
 PSYoungGen      total 18432K, used 18420K [0x00000000eb900000, 0x00000000ecd80000, 0x0000000100000000)
  eden space 15872K, 100% used [0x00000000eb900000,0x00000000ec880000,0x00000000ec880000)
  from space 2560K, 99% used [0x00000000ec880000,0x00000000ecafd318,0x00000000ecb00000)
  to   space 2560K, 0% used [0x00000000ecb00000,0x00000000ecb00000,0x00000000ecd80000)
 ParOldGen       total 42496K, used 907K [0x00000000c2a00000, 0x00000000c5380000, 0x00000000eb900000)
  object space 42496K, 2% used [0x00000000c2a00000,0x00000000c2ae2f68,0x00000000c5380000)
 Metaspace       used 12510K, capacity 12926K, committed 13184K, reserved 1060864K
  class space    used 1445K, capacity 1594K, committed 1664K, reserved 1048576K
Event: 2,951 GC heap after
Heap after GC invocations=2 (full 0):
 PSYoungGen      total 18432K, used 2528K [0x00000000eb900000, 0x00000000ecd80000, 0x0000000100000000)
  eden space 15872K, 0% used [0x00000000eb900000,0x00000000eb900000,0x00000000ec880000)
  from space 2560K, 98% used [0x00000000ecb00000,0x00000000ecd78020,0x00000000ecd80000)
  to   space 2560K, 0% used [0x00000000ec880000,0x00000000ec880000,0x00000000ecb00000)
 ParOldGen       total 42496K, used 4343K [0x00000000c2a00000, 0x00000000c5380000, 0x00000000eb900000)
  object space 42496K, 10% used [0x00000000c2a00000,0x00000000c2e3dc18,0x00000000c5380000)
 Metaspace       used 12510K, capacity 12926K, committed 13184K, reserved 1060864K
  class space    used 1445K, capacity 1594K, committed 1664K, reserved 1048576K
}
Event: 3,676 GC heap before
{Heap before GC invocations=3 (full 0):
 PSYoungGen      total 18432K, used 18400K [0x00000000eb900000, 0x00000000ecd80000, 0x0000000100000000)
  eden space 15872K, 100% used [0x00000000eb900000,0x00000000ec880000,0x00000000ec880000)
  from space 2560K, 98% used [0x00000000ecb00000,0x00000000ecd78020,0x00000000ecd80000)
  to   space 2560K, 0% used [0x00000000ec880000,0x00000000ec880000,0x00000000ecb00000)
 ParOldGen       total 42496K, used 4343K [0x00000000c2a00000, 0x00000000c5380000, 0x00000000eb900000)
  object space 42496K, 10% used [0x00000000c2a00000,0x00000000c2e3dc18,0x00000000c5380000)
 Metaspace       used 16279K, capacity 16938K, committed 17280K, reserved 1064960K
  class space    used 2140K, capacity 2312K, committed 2432K, reserved 1048576K
Event: 3,687 GC heap after
Heap after GC invocations=3 (full 0):
 PSYoungGen      total 18432K, used 2544K [0x00000000eb900000, 0x00000000edd00000, 0x0000000100000000)
  eden space 15872K, 0% used [0x00000000eb900000,0x00000000eb900000,0x00000000ec880000)
  from space 2560K, 99% used [0x00000000ec880000,0x00000000ecafc030,0x00000000ecb00000)
  to   space 2560K, 0% used [0x00000000eda80000,0x00000000eda80000,0x00000000edd00000)
 ParOldGen       total 42496K, used 8606K [0x00000000c2a00000, 0x00000000c5380000, 0x00000000eb900000)
  object space 42496K, 20% used [0x00000000c2a00000,0x00000000c3267a58,0x00000000c5380000)
 Metaspace       used 16279K, capacity 16938K, committed 17280K, reserved 1064960K
  class space    used 2140K, capacity 2312K, committed 2432K, reserved 1048576K
}
Event: 14,723 GC heap before
{Heap before GC invocations=4 (full 0):
 PSYoungGen      total 18432K, used 18416K [0x00000000eb900000, 0x00000000edd00000, 0x0000000100000000)
  eden space 15872K, 100% used [0x00000000eb900000,0x00000000ec880000,0x00000000ec880000)
  from space 2560K, 99% used [0x00000000ec880000,0x00000000ecafc030,0x00000000ecb00000)
  to   space 2560K, 0% used [0x00000000eda80000,0x00000000eda80000,0x00000000edd00000)
 ParOldGen       total 42496K, used 8606K [0x00000000c2a00000, 0x00000000c5380000, 0x00000000eb900000)
  object space 42496K, 20% used [0x00000000c2a00000,0x00000000c3267a58,0x00000000c5380000)
 Metaspace       used 19524K, capacity 20498K, committed 20736K, reserved 1067008K
  class space    used 2578K, capacity 2814K, committed 2816K, reserved 1048576K
Event: 14,734 GC heap after
Heap after GC invocations=4 (full 0):
 PSYoungGen      total 18432K, used 2544K [0x00000000eb900000, 0x00000000edd00000, 0x0000000100000000)
  eden space 15872K, 0% used [0x00000000eb900000,0x00000000eb900000,0x00000000ec880000)
  from space 2560K, 99% used [0x00000000eda80000,0x00000000edcfc038,0x00000000edd00000)
  to   space 2560K, 0% used [0x00000000ec880000,0x00000000ec880000,0x00000000ecb00000)
 ParOldGen       total 42496K, used 12449K [0x00000000c2a00000, 0x00000000c5380000, 0x00000000eb900000)
  object space 42496K, 29% used [0x00000000c2a00000,0x00000000c3628760,0x00000000c5380000)
 Metaspace       used 19524K, capacity 20498K, committed 20736K, reserved 1067008K
  class space    used 2578K, capacity 2814K, committed 2816K, reserved 1048576K
}
Event: 18,179 GC heap before
{Heap before GC invocations=5 (full 0):
 PSYoungGen      total 18432K, used 7701K [0x00000000eb900000, 0x00000000edd00000, 0x0000000100000000)
  eden space 15872K, 32% used [0x00000000eb900000,0x00000000ebe09730,0x00000000ec880000)
  from space 2560K, 99% used [0x00000000eda80000,0x00000000edcfc038,0x00000000edd00000)
  to   space 2560K, 0% used [0x00000000ec880000,0x00000000ec880000,0x00000000ecb00000)
 ParOldGen       total 42496K, used 12449K [0x00000000c2a00000, 0x00000000c5380000, 0x00000000eb900000)
  object space 42496K, 29% used [0x00000000c2a00000,0x00000000c3628760,0x00000000c5380000)
 Metaspace       used 20137K, capacity 21236K, committed 21296K, reserved 1067008K
  class space    used 2645K, capacity 2893K, committed 2944K, reserved 1048576K
Event: 18,189 GC heap after
Heap after GC invocations=5 (full 0):
 PSYoungGen      total 18432K, used 2528K [0x00000000eb900000, 0x00000000edb00000, 0x0000000100000000)
  eden space 15872K, 0% used [0x00000000eb900000,0x00000000eb900000,0x00000000ec880000)
  from space 2560K, 98% used [0x00000000ec880000,0x00000000ecaf8028,0x00000000ecb00000)
  to   space 8704K, 0% used [0x00000000ed280000,0x00000000ed280000,0x00000000edb00000)
 ParOldGen       total 42496K, used 13219K [0x00000000c2a00000, 0x00000000c5380000, 0x00000000eb900000)
  object space 42496K, 31% used [0x00000000c2a00000,0x00000000c36e8cf0,0x00000000c5380000)
 Metaspace       used 20137K, capacity 21236K, committed 21296K, reserved 1067008K
  class space    used 2645K, capacity 2893K, committed 2944K, reserved 1048576K
}
Event: 18,189 GC heap before
{Heap before GC invocations=6 (full 1):
 PSYoungGen      total 18432K, used 2528K [0x00000000eb900000, 0x00000000edb00000, 0x0000000100000000)
  eden space 15872K, 0% used [0x00000000eb900000,0x00000000eb900000,0x00000000ec880000)
  from space 2560K, 98% used [0x00000000ec880000,0x00000000ecaf8028,0x00000000ecb00000)
  to   space 8704K, 0% used [0x00000000ed280000,0x00000000ed280000,0x00000000edb00000)
 ParOldGen       total 42496K, used 13219K [0x00000000c2a00000, 0x00000000c5380000, 0x00000000eb900000)
  object space 42496K, 31% used [0x00000000c2a00000,0x00000000c36e8cf0,0x00000000c5380000)
 Metaspace       used 20137K, capacity 21236K, committed 21296K, reserved 1067008K
  class space    used 2645K, capacity 2893K, committed 2944K, reserved 1048576K
Event: 18,241 GC heap after
Heap after GC invocations=6 (full 1):
 PSYoungGen      total 18432K, used 0K [0x00000000eb900000, 0x00000000edb00000, 0x0000000100000000)
  eden space 15872K, 0% used [0x00000000eb900000,0x00000000eb900000,0x00000000ec880000)
  from space 2560K, 0% used [0x00000000ec880000,0x00000000ec880000,0x00000000ecb00000)
  to   space 8704K, 0% used [0x00000000ed280000,0x00000000ed280000,0x00000000edb00000)
 ParOldGen       total 29696K, used 7905K [0x00000000c2a00000, 0x00000000c4700000, 0x00000000eb900000)
  object space 29696K, 26% used [0x00000000c2a00000,0x00000000c31b8608,0x00000000c4700000)
 Metaspace       used 20137K, capacity 21236K, committed 21296K, reserved 1067008K
  class space    used 2645K, capacity 2893K, committed 2944K, reserved 1048576K
}

